<?xml version="1.0" encoding="UTF-8" ?>
<testsuite failures="0" time="0.07" errors="0" skipped="1" tests="11" name="com.kumkee.userAgent.UserAgentParserTest">
  <properties>
    <property name="java.runtime.name" value="Java(TM) SE Runtime Environment"/>
    <property name="sun.boot.library.path" value="C:\Program Files\Java\jre6\bin"/>
    <property name="java.vm.version" value="20.2-b06"/>
    <property name="java.vm.vendor" value="Sun Microsystems Inc."/>
    <property name="java.vendor.url" value="http://java.sun.com/"/>
    <property name="path.separator" value=";"/>
    <property name="java.vm.name" value="Java HotSpot(TM) 64-Bit Server VM"/>
    <property name="file.encoding.pkg" value="sun.io"/>
    <property name="user.country" value="AU"/>
    <property name="sun.java.launcher" value="SUN_STANDARD"/>
    <property name="sun.os.patch.level" value=""/>
    <property name="java.vm.specification.name" value="Java Virtual Machine Specification"/>
    <property name="user.dir" value="D:\Lees-Workspace\UserAgentParser"/>
    <property name="java.runtime.version" value="1.6.0_27-b07"/>
    <property name="java.awt.graphicsenv" value="sun.awt.Win32GraphicsEnvironment"/>
    <property name="basedir" value="D:\Lees-Workspace\UserAgentParser"/>
    <property name="java.endorsed.dirs" value="C:\Program Files\Java\jre6\lib\endorsed"/>
    <property name="os.arch" value="amd64"/>
    <property name="surefire.real.class.path" value="D:\Lees-Workspace\UserAgentParser\target\surefire\surefirebooter3812445120350307390.jar"/>
    <property name="java.io.tmpdir" value="C:\Users\lkemp.MEG\AppData\Local\Temp\"/>
    <property name="line.separator" value="
"/>
    <property name="java.vm.specification.vendor" value="Sun Microsystems Inc."/>
    <property name="user.variant" value=""/>
    <property name="os.name" value="Windows 7"/>
    <property name="sun.jnu.encoding" value="Cp1252"/>
    <property name="java.library.path" value="C:\Program Files\Java\jre6\bin;C:\Windows\Sun\Java\bin;C:\Windows\system32;C:\Windows;C:\Windows\system32;C:\Windows;C:\Windows\System32\Wbem;C:\Windows\System32\WindowsPowerShell\v1.0\;C:\Program Files\SlikSvn\bin\;C:\Program Files (x86)\Git\cmd;C:\Program Files (x86)\QuickTime\QTSystem\;D:\Applications\apache-maven-3.0.3\bin;D:\Applications\apache-ant-1.8.2-bin\apache-ant-1.8.2/bin;C:\Program Files\SlikSvn\bin;C:\Windows\system32;C:\Windows;C:\Windows\System32\Wbem;C:\Windows\System32\WindowsPowerShell\v1.0\;C:\Program Files\SlikSvn\bin\;C:\Program Files (x86)\Git\cmd;C:\Program Files (x86)\QuickTime\QTSystem\;."/>
    <property name="surefire.test.class.path" value="D:\Lees-Workspace\UserAgentParser\target\test-classes;D:\Lees-Workspace\UserAgentParser\target\classes;C:\Users\lkemp.MEG\.m2\repository\junit\junit\4.8.2\junit-4.8.2.jar;"/>
    <property name="java.specification.name" value="Java Platform API Specification"/>
    <property name="java.class.version" value="50.0"/>
    <property name="sun.management.compiler" value="HotSpot 64-Bit Tiered Compilers"/>
    <property name="os.version" value="6.1"/>
    <property name="user.home" value="C:\Users\lkemp.MEG"/>
    <property name="user.timezone" value=""/>
    <property name="java.awt.printerjob" value="sun.awt.windows.WPrinterJob"/>
    <property name="java.specification.version" value="1.6"/>
    <property name="file.encoding" value="Cp1252"/>
    <property name="user.name" value="lkemp"/>
    <property name="java.class.path" value="D:\Lees-Workspace\UserAgentParser\target\test-classes;D:\Lees-Workspace\UserAgentParser\target\classes;C:\Users\lkemp.MEG\.m2\repository\junit\junit\4.8.2\junit-4.8.2.jar;"/>
    <property name="java.vm.specification.version" value="1.0"/>
    <property name="sun.arch.data.model" value="64"/>
    <property name="java.home" value="C:\Program Files\Java\jre6"/>
    <property name="sun.java.command" value="D:\Lees-Workspace\UserAgentParser\target\surefire\surefirebooter3812445120350307390.jar D:\Lees-Workspace\UserAgentParser\target\surefire\surefire4105973336287278915tmp D:\Lees-Workspace\UserAgentParser\target\surefire\surefire125191656598860789tmp"/>
    <property name="java.specification.vendor" value="Sun Microsystems Inc."/>
    <property name="user.language" value="en"/>
    <property name="awt.toolkit" value="sun.awt.windows.WToolkit"/>
    <property name="java.vm.info" value="mixed mode"/>
    <property name="java.version" value="1.6.0_27"/>
    <property name="java.ext.dirs" value="C:\Program Files\Java\jre6\lib\ext;C:\Windows\Sun\Java\lib\ext"/>
    <property name="sun.boot.class.path" value="C:\Program Files\Java\jre6\lib\resources.jar;C:\Program Files\Java\jre6\lib\rt.jar;C:\Program Files\Java\jre6\lib\sunrsasign.jar;C:\Program Files\Java\jre6\lib\jsse.jar;C:\Program Files\Java\jre6\lib\jce.jar;C:\Program Files\Java\jre6\lib\charsets.jar;C:\Program Files\Java\jre6\lib\modules\jdk.boot.jar;C:\Program Files\Java\jre6\classes"/>
    <property name="java.vendor" value="Sun Microsystems Inc."/>
    <property name="localRepository" value="C:\Users\lkemp.MEG\.m2\repository"/>
    <property name="file.separator" value="\"/>
    <property name="java.vendor.url.bug" value="http://java.sun.com/cgi-bin/bugreport.cgi"/>
    <property name="sun.cpu.endian" value="little"/>
    <property name="sun.io.unicode.encoding" value="UnicodeLittle"/>
    <property name="sun.desktop" value="windows"/>
    <property name="sun.cpu.isalist" value="amd64"/>
  </properties>
  <testcase time="0.01" classname="com.kumkee.userAgent.UserAgentParserTest" name="testBrowserName_firefox"/>
  <testcase time="0" classname="com.kumkee.userAgent.UserAgentParserTest" name="testBrowserName_apacheHttpClient"/>
  <testcase time="0" classname="com.kumkee.userAgent.UserAgentParserTest" name="testBrowserVersion_firefox"/>
  <testcase time="0" classname="com.kumkee.userAgent.UserAgentParserTest" name="testBrowserVersion_apacheHttpClient"/>
  <testcase time="0" classname="com.kumkee.userAgent.UserAgentParserTest" name="testBrowserVersion_konqueror"/>
  <testcase time="0.01" classname="com.kumkee.userAgent.UserAgentParserTest" name="testOS_windowsxp"/>
  <testcase time="0" classname="com.kumkee.userAgent.UserAgentParserTest" name="testOS_osx"/>
  <testcase time="0" classname="com.kumkee.userAgent.UserAgentParserTest" name="testOS_java"/>
  <testcase time="0" classname="com.kumkee.userAgent.UserAgentParserTest" name="testOS_darwin"/>
  <testcase time="0" classname="com.kumkee.userAgent.UserAgentParserTest" name="testEngineVersion_KHTML"/>
  <testcase time="0" classname="com.kumkee.userAgent.UserAgentParserTest" name="testEngineVersion_Konqueror">
    <skipped/>
  </testcase>
</testsuite>